

POST /newproject
SELECT ID FROM users WHERE token LIKE '3cwA9w5Ya4cgEoAWNcry7FG7EXjWBrrf' LIMIT 1;
USER NOT FOUND 401


POST /newproject
SELECT ID FROM users WHERE token LIKE 'LHUT1v5smq7WxL3qXwsrVQNgiXHuZxTL' LIMIT 1;
USER FOUND
Process request
Array
(
    [name] => rrr
    [url] => rrr
    [detail] => <p>rrr</p>
    [gallery] => null
    [token] => LHUT1v5smq7WxL3qXwsrVQNgiXHuZxTL
)



POST /newproject
SELECT ID FROM users WHERE token LIKE '7cwqtDTNxHLM6VfHXcKqwu2beFyRD7Xk' LIMIT 1;
USER FOUND
Process request
Array
(
    [name] => ttt
    [url] => ttt
    [detail] => <p>ttt</p>
    [gallery] => null
    [token] => 7cwqtDTNxHLM6VfHXcKqwu2beFyRD7Xk
)



POST /newproject
SELECT ID FROM users WHERE token LIKE 'tz1jUQpHVuqnAXvgjjJC1qBf3AuUkHs4' LIMIT 1;
USER FOUND
Process request
Array
(
    [token] => tz1jUQpHVuqnAXvgjjJC1qBf3AuUkHs4
    [name] => ทดสอบโปรเจค
    [url] => film_test
    [detail] => ไม่บอก <i>56555</i>+
    [gallery] => null
)



POST /newproject
SELECT ID FROM users WHERE token LIKE 'tz1jUQpHVuqnAXvgjjJC1qBf3AuUkHs4' LIMIT 1;
USER FOUND
Process request
Array
(
    [token] => tz1jUQpHVuqnAXvgjjJC1qBf3AuUkHs4
    [name] => ทดสอบโปรเจค
    [url] => film_test
    [detail] => ไม่บอก <i>56555</i>+
    [gallery] => null
)



POST /newproject
SELECT ID FROM users WHERE token LIKE 'r8QbHt2mb37wrvEz3Z9eDDTNqATESp4j' LIMIT 1;
USER FOUND
Process request
Array
(
    [name] => yyy
    [url] => yyy
    [detail] => <p>yyy</p>
    [gallery] => null
    [token] => r8QbHt2mb37wrvEz3Z9eDDTNqATESp4j
)



POST /newproject
SELECT ID FROM users WHERE token LIKE 'tz1jUQpHVuqnAXvgjjJC1qBf3AuUkHs4' LIMIT 1;
USER FOUND
Process request
Array
(
    [token] => tz1jUQpHVuqnAXvgjjJC1qBf3AuUkHs4
    [name] => ทดสอบโปรเจค 2
    [url] => film_test
    [detail] => ไม่บอก <i>56555</i>+
    [gallery] => null
)

ERROR ADD :: Duplicate entry 'film_test' for key 'url'


POST /newproject
SELECT ID FROM users WHERE token LIKE 'tz1jUQpHVuqnAXvgjjJC1qBf3AuUkHs4' LIMIT 1;
USER FOUND
Process request
Array
(
    [token] => tz1jUQpHVuqnAXvgjjJC1qBf3AuUkHs4
    [name] => ทดสอบโปรเจค 2
    [url] => film_test2
    [detail] => ไม่บอก <i>56555</i>+
    [gallery] => null
)

ADD SUCCESS


POST /newproject
SELECT ID FROM users WHERE token LIKE 'ivjKrXM9vtpdSVbcSCtiJDNy8PB1Rswa' LIMIT 1;
USER FOUND
Process request
Array
(
    [name] => ooo
    [url] => oo
    [detail] => <p>ooo</p>
    [gallery] => null
    [token] => ivjKrXM9vtpdSVbcSCtiJDNy8PB1Rswa
)

ADD SUCCESS


POST /projectavailable
SELECT ID FROM projects WHERE url LIKE 'film_test2' LIMIT 1;
Available


POST /projectavailable
SELECT ID FROM projects WHERE url LIKE 'film_test' LIMIT 1;
Available


POST /projectavailable
SELECT ID FROM projects WHERE url LIKE 'film_tes' LIMIT 1;
Duplicated


POST /newproject
SELECT ID FROM users WHERE token LIKE 'tz1jUQpHVuqnAXvgjjJC1qBf3AuUkHs4' LIMIT 1;
USER FOUND
Process request
Array
(
    [token] => tz1jUQpHVuqnAXvgjjJC1qBf3AuUkHs4
    [name] => ทดสอบโปรเจค 2
    [url] => film_tes
    [detail] => ไม่บอก <i>56555</i>+
    [gallery] => null
)

ADD SUCCESS


POST /newproject
SELECT ID FROM users WHERE token LIKE 'tz1jUQpHVuqnAXvgjjJC1qBf3AuUkHs4' LIMIT 1;
USER FOUND
Process request
Array
(
    [token] => tz1jUQpHVuqnAXvgjjJC1qBf3AuUkHs4
    [name] => ทดสอบโปรเจค 2
    [url] => film_tes
    [detail] => ไม่บอก <i>56555</i>+
    [gallery] => "asdasdadasd"
)

ERROR ADD :: Duplicate entry 'film_tes' for key 'url'


POST /newproject
SELECT ID FROM users WHERE token LIKE 'tz1jUQpHVuqnAXvgjjJC1qBf3AuUkHs4' LIMIT 1;
USER FOUND
Process request
Array
(
    [token] => tz1jUQpHVuqnAXvgjjJC1qBf3AuUkHs4
    [name] => ทดสอบโปรเจค 2
    [url] => film_tesda
    [detail] => ไม่บอก <i>56555</i>+
    [gallery] => asdasdadasd
)

Array
(
    [token] => tz1jUQpHVuqnAXvgjjJC1qBf3AuUkHs4
    [name] => ทดสอบโปรเจค 2
    [url] => film_tesda
    [detail] => ไม่บอก <i>56555</i>+
    [gallery] => "asdasdadasd"
)

ADD SUCCESS


POST /newproject
SELECT ID FROM users WHERE token LIKE 'tz1jUQpHVuqnAXvgjjJC1qBf3AuUkHs4' LIMIT 1;
USER FOUND
Process request
Array
(
    [token] => tz1jUQpHVuqnAXvgjjJC1qBf3AuUkHs4
    [name] => ทดสอบโปรเจค 2
    [url] => film_tesda
    [detail] => ไม่บอก <i>56555</i>+
    [gallery] => 
)

Array
(
    [token] => tz1jUQpHVuqnAXvgjjJC1qBf3AuUkHs4
    [name] => ทดสอบโปรเจค 2
    [url] => film_tesda
    [detail] => ไม่บอก <i>56555</i>+
    [gallery] => null
)

ERROR ADD :: Duplicate entry 'film_tesda' for key 'url'


POST /newproject
SELECT ID FROM users WHERE token LIKE 'tz1jUQpHVuqnAXvgjjJC1qBf3AuUkHs4' LIMIT 1;
USER FOUND
Process request
Array
(
    [token] => tz1jUQpHVuqnAXvgjjJC1qBf3AuUkHs4
    [name] => ทดสอบโปรเจค 2
    [url] => film_tesdaa
    [detail] => ไม่บอก <i>56555</i>+
    [gallery] => 
)

Array
(
    [token] => tz1jUQpHVuqnAXvgjjJC1qBf3AuUkHs4
    [name] => ทดสอบโปรเจค 2
    [url] => film_tesdaa
    [detail] => ไม่บอก <i>56555</i>+
    [gallery] => null
)

ADD SUCCESS


POST /newproject
SELECT ID FROM users WHERE token LIKE 'tz1jUQpHVuqnAXvgjjJC1qBf3AuUkHs4' LIMIT 1;
USER FOUND
Process request
Array
(
    [token] => tz1jUQpHVuqnAXvgjjJC1qBf3AuUkHs4
    [name] => ทดสอบโปรเจค 2
    [url] => film_tesdaa
    [detail] => ไม่บอก <i>56555</i>+
    [gallery] => 
)

Array
(
    [token] => tz1jUQpHVuqnAXvgjjJC1qBf3AuUkHs4
    [name] => ทดสอบโปรเจค 2
    [url] => film_tesdaa
    [detail] => ไม่บอก <i>56555</i>+
    [gallery] => null
)

ERROR ADD :: Duplicate entry 'film_tesdaa' for key 'url'


POST /newproject
SELECT ID FROM users WHERE token LIKE 'tz1jUQpHVuqnAXvgjjJC1qBf3AuUkHs4' LIMIT 1;
USER FOUND
Process request
Array
(
    [token] => tz1jUQpHVuqnAXvgjjJC1qBf3AuUkHs4
    [name] => ทดสอบโปรเจค 2
    [url] => film_tesd5
    [detail] => ไม่บอก <i>56555</i>+
    [gallery] => 
)

Array
(
    [token] => tz1jUQpHVuqnAXvgjjJC1qBf3AuUkHs4
    [name] => ทดสอบโปรเจค 2
    [url] => film_tesd5
    [detail] => ไม่บอก <i>56555</i>+
    [gallery] => null
)

ADD SUCCESS


POST /newproject
SELECT ID FROM users WHERE token LIKE 'tz1jUQpHVuqnAXvgjjJC1qBf3AuUkHs4' LIMIT 1;
USER FOUND
Process request
Array
(
    [token] => tz1jUQpHVuqnAXvgjjJC1qBf3AuUkHs4
    [name] => ทดสอบโปรเจค 2
    [url] => film_tesd5asd
    [detail] => ไม่บอก <i>56555</i>+
    [gallery] => 
)

Array
(
    [token] => tz1jUQpHVuqnAXvgjjJC1qBf3AuUkHs4
    [name] => ทดสอบโปรเจค 2
    [url] => film_tesd5asd
    [detail] => ไม่บอก <i>56555</i>+
    [gallery] => null
)

ADD SUCCESS


POST /newproject
SELECT ID FROM users WHERE token LIKE 'tz1jUQpHVuqnAXvgjjJC1qBf3AuUkHs4' LIMIT 1;
USER FOUND
Process request
Array
(
    [token] => tz1jUQpHVuqnAXvgjjJC1qBf3AuUkHs4
    [name] => ทดสอบโปรเจค 2
    [url] => film_tesd5asdad
    [detail] => ไม่บอก <i>56555</i>+
    [gallery] => Array
        (
            [0] => asdadad
            [1] => asdada
            [2] => asdasdadasd
        )

)

Array
(
    [token] => tz1jUQpHVuqnAXvgjjJC1qBf3AuUkHs4
    [name] => ทดสอบโปรเจค 2
    [url] => film_tesd5asdad
    [detail] => ไม่บอก <i>56555</i>+
    [gallery] => ["asdadad","asdada","asdasdadasd"]
)

ADD SUCCESS


POST /newproject
SELECT ID FROM users WHERE token LIKE 'ivjKrXM9vtpdSVbcSCtiJDNy8PB1Rswa' LIMIT 1;
USER FOUND
Process request
Array
(
    [name] => ooo
    [url] => oo
    [detail] => <p>ooo</p>
    [gallery] => Array
        (
            [0] => ooo
            [1] => oo
            [2] => o
        )

    [token] => ivjKrXM9vtpdSVbcSCtiJDNy8PB1Rswa
)

Array
(
    [name] => ooo
    [url] => oo
    [detail] => <p>ooo</p>
    [gallery] => ["ooo","oo","o"]
    [token] => ivjKrXM9vtpdSVbcSCtiJDNy8PB1Rswa
)

ERROR ADD :: Duplicate entry 'oo' for key 'url'


POST /newproject
SELECT ID FROM users WHERE token LIKE 'ivjKrXM9vtpdSVbcSCtiJDNy8PB1Rswa' LIMIT 1;
USER FOUND
Process request
Array
(
    [name] => ooo
    [url] => oos
    [detail] => <p>ooo</p>
    [gallery] => Array
        (
            [0] => ooo
            [1] => oo
            [2] => o
        )

    [token] => ivjKrXM9vtpdSVbcSCtiJDNy8PB1Rswa
)

Array
(
    [name] => ooo
    [url] => oos
    [detail] => <p>ooo</p>
    [gallery] => ["ooo","oo","o"]
    [token] => ivjKrXM9vtpdSVbcSCtiJDNy8PB1Rswa
)

ADD SUCCESS


POST /isowner
SELECT ID FROM users WHERE token LIKE 'tz1jUQpHVuqnAXvgjjJC1qBf3AuUkHs4' LIMIT 1;
USER FOUND
Check Project
SELECT ID FROM projects WHERE user_id = 7 AND ID = 13 LIMIT 1;
OWNER


POST /isowner
SELECT ID FROM users WHERE token LIKE 'tz1jUQpHVuqnAXvgjjJC1qBf3AuUkHs4' LIMIT 1;
USER FOUND
Check Project
SELECT ID FROM projects WHERE user_id = 7 AND ID = 13 LIMIT 1;
OWNER


POST /isowner
SELECT ID FROM users WHERE token LIKE 'tz1jUQpHVuqnAXvgjjJC1qBf3AuUkHs4' LIMIT 1;
USER FOUND
Check Project
SELECT ID FROM projects WHERE user_id = 7 AND ID = 9 LIMIT 1;
OWNER


POST /projectavailable
SELECT ID FROM projects WHERE url LIKE 'undefined' LIMIT 1;
Duplicated


POST /projectavailable
SELECT ID FROM projects WHERE url LIKE 'undefined' LIMIT 1;
Duplicated


POST /projectavailable
SELECT ID FROM projects WHERE url LIKE 'undefined' LIMIT 1;
Duplicated


POST /projectavailable
SELECT ID FROM projects WHERE url LIKE '' LIMIT 1;
Duplicated


POST /projectavailable
SELECT ID FROM projects WHERE url LIKE '' LIMIT 1;
Duplicated


POST /projectavailable
SELECT ID FROM projects WHERE url LIKE '' LIMIT 1;
Duplicated


POST /projectavailable
SELECT ID FROM projects WHERE url LIKE '' LIMIT 1;
Duplicated


POST /projectavailable
SELECT ID FROM projects WHERE url LIKE 'o' LIMIT 1;
Duplicated


POST /isowner
SELECT ID FROM users WHERE token LIKE 'tz1jUQpHVuqnAXvgjjJC1qBf3AuUkHs4' LIMIT 1;
USER FOUND
Check Project
SELECT ID FROM projects WHERE user_id = 7 AND ID = 9 LIMIT 1;
OWNER


POST /projectavailable
SELECT ID FROM projects WHERE url LIKE 'oo' LIMIT 1;
Available


POST /projectavailable
SELECT ID FROM projects WHERE url LIKE 'oos' LIMIT 1;
Available


POST /projectavailable
SELECT ID FROM projects WHERE url LIKE 'ooss' LIMIT 1;
Duplicated


POST /projectavailable
SELECT ID FROM projects WHERE url LIKE 'oos' LIMIT 1;
Available


POST /projectavailable
SELECT ID FROM projects WHERE url LIKE 'o' LIMIT 1;
Duplicated


POST /projectavailable
SELECT ID FROM projects WHERE url LIKE '1' LIMIT 1;
Duplicated


POST /newproject
SELECT ID FROM users WHERE token LIKE '3HDzUmHDRf9fkWcGXTkMVZjftRTUMY9q' LIMIT 1;
USER FOUND
Process request
Array
(
    [name] => TestTest
    [url] => 1
    [detail] => <p>Test</p>
    [token] => 3HDzUmHDRf9fkWcGXTkMVZjftRTUMY9q
    [gallery] => null
)

ADD SUCCESS


POST /projectavailable
SELECT ID FROM projects WHERE url LIKE 'dfsdfdfs' LIMIT 1;
Duplicated


POST /newproject
SELECT ID FROM users WHERE token LIKE '4E4AyYv1PiRvAczMit88rfoLtbhmGXFm' LIMIT 1;
USER FOUND
Process request
Array
(
    [name] => fdfdsdf
    [url] => dfsdfdfs
    [detail] => <p>dsdfdfdfsdfs</p>
    [token] => 4E4AyYv1PiRvAczMit88rfoLtbhmGXFm
    [gallery] => null
)

ADD SUCCESS


POST /projectavailable
SELECT ID FROM projects WHERE url LIKE '' LIMIT 1;
Duplicated


POST /projectavailable
SELECT ID FROM projects WHERE url LIKE '' LIMIT 1;
Duplicated


POST /projectavailable
SELECT ID FROM projects WHERE url LIKE '' LIMIT 1;
Duplicated


POST /projectavailable
SELECT ID FROM projects WHERE url LIKE '' LIMIT 1;
Duplicated


POST /projectavailable
SELECT ID FROM projects WHERE url LIKE '' LIMIT 1;
Duplicated


POST /projectavailable
SELECT ID FROM projects WHERE url LIKE '' LIMIT 1;
Duplicated


POST /projectavailable
SELECT ID FROM projects WHERE url LIKE 'sd' LIMIT 1;
Duplicated


POST /projectavailable
SELECT ID FROM projects WHERE url LIKE 'oo' LIMIT 1;
Available


POST /projectavailable
SELECT ID FROM projects WHERE url LIKE 'ooo' LIMIT 1;
Duplicated


POST /projectavailable
SELECT ID FROM projects WHERE url LIKE 'ooo' LIMIT 1;
Duplicated


POST /projectavailable
SELECT ID FROM projects WHERE url LIKE 'oo' LIMIT 1;
Available


POST /projectavailable
SELECT ID FROM projects WHERE url LIKE 'zzz' LIMIT 1;
Duplicated


POST /newproject
SELECT ID FROM users WHERE token LIKE 'uTwKF6doevtsgDupQcm6pQGdRSntQ5Dk' LIMIT 1;
USER FOUND
Process request
Array
(
    [name] => zzz
    [url] => zzz
    [detail] => <p>zzz</p>
    [token] => uTwKF6doevtsgDupQcm6pQGdRSntQ5Dk
    [gallery] => null
)

ADD SUCCESS


POST /projectavailable
SELECT ID FROM projects WHERE url LIKE 'enazoom' LIMIT 1;
Duplicated


POST /projectavailable
SELECT ID FROM projects WHERE url LIKE 'oo' LIMIT 1;
Duplicated


POST /projectavailable
SELECT ID FROM projects WHERE url LIKE 'oo' LIMIT 1;
Duplicated


POST /projectavailable
SELECT ID FROM projects WHERE url LIKE 'zzz' LIMIT 1;
Available


POST /projectavailable
SELECT ID FROM projects WHERE url LIKE 'enazoom' LIMIT 1;
Duplicated


POST /newproject
SELECT ID FROM users WHERE token LIKE 'BSvBdqm1hnNonWLKK67VtBhaNqrtWk37' LIMIT 1;
USER FOUND
Process request
Array
(
    [name] => EnaZoom
    [url] => enazoom
    [detail] => <p>Just a Test</p>
    [gallery] => ["https:\/\/vignette2.wikia.nocookie.net\/starwars\/images\/d\/df\/Masterobiwan.jpg\/revision\/latest\/scale-to-width-down\/220?cb=20080719000305","https:\/\/yt3.ggpht.com\/-v0soe-ievYE\/AAAAAAAAAAI\/AAAAAAAAAAA\/OixOH_h84Po\/s900-c-k-no-mo-rj-c0xffffff\/photo.jpg","http:\/\/vignette2.wikia.nocookie.net\/starwars\/images\/d\/d6\/Yoda_SWSB.png\/revision\/latest?cb=20150206140125","https:\/\/lumiere-a.akamaihd.net\/v1\/images\/ep3_ia_89377_r_bb46f7c6.jpeg?region=500%2C313%2C2925%2C1462&width=480","http:\/\/a.dilcdn.com\/bl\/wp-content\/uploads\/sites\/6\/2016\/05\/yoda3.jpg","http:\/\/digitalspyuk.cdnds.net\/16\/38\/768x403\/gallery-1474472774-yoda-008.jpg"]
    [token] => BSvBdqm1hnNonWLKK67VtBhaNqrtWk37
)

ADD SUCCESS


POST /projectavailable
SELECT ID FROM projects WHERE url LIKE 'TestSession' LIMIT 1;
Duplicated


POST /newproject
SELECT ID FROM users WHERE token LIKE 'XaRXF2haAVAco4vXTNExohsMU6Y2atkY' LIMIT 1;
USER NOT FOUND 401


POST /projectavailable
SELECT ID FROM projects WHERE url LIKE 'TestSession' LIMIT 1;
Duplicated


POST /newproject
SELECT ID FROM users WHERE token LIKE 'AWrp2wAf1TYLsS7v4wqxasDgKon4Mh7x' LIMIT 1;
USER FOUND
Process request
Array
(
    [name] => TestSession
    [url] => TestSession
    [detail] => <p>TestSession</p>
    [token] => AWrp2wAf1TYLsS7v4wqxasDgKon4Mh7x
    [gallery] => null
)

ADD SUCCESS


POST /projectinfo
SELECT name, url, detail, gallery FROM projects WHERE url = 'zzz' LIMIT 1;
PROJECT NOT FOUND


POST /projectinfo
SELECT name, url, detail, gallery FROM projects WHERE url = 'zzz' LIMIT 1;
PROJECT NOT FOUND


POST /projectinfo
SELECT name, url, detail, gallery FROM projects WHERE url = 'zzz' LIMIT 1;
PROJECT NOT FOUND


POST /projectinfo
SELECT name, url, detail, gallery FROM projects WHERE url = 'zzz' LIMIT 1;
OWNER


POST /projectinfo
SELECT name, url, detail, gallery FROM projects WHERE url = 'zzz' LIMIT 1;
OWNER


POST /myprojects
SELECT ID FROM users WHERE token LIKE 'tz1jUQpHVuqnAXvgjjJC1qBf3AuUkHs4' LIMIT 1;
USER FOUND
Get Project List
SELECT url FROM projects WHERE user_id = 7 ;
FOUND 8


POST /projectinfo
SELECT name, url, detail, gallery FROM projects WHERE url = 'zzz' LIMIT 1;
OWNER


POST /projectinfo
SELECT name, url, detail, gallery FROM projects WHERE url = 'zzz' LIMIT 1;
OWNER


POST /projectinfo
SELECT name, url, detail, gallery FROM projects WHERE url = 'zzz' LIMIT 1;
OWNER


POST /projectinfo
SELECT name, url, detail, gallery FROM projects WHERE url = 'film_tesd5asdad' LIMIT 1;
PROJECT FOUND, GET USER INFO
SELECT ID, email, fname, lname FROM users WHERE ID =  LIMIT 1;


POST /projectinfo
SELECT name, url, detail, gallery FROM projects WHERE url = 'film_tesd5asdad' LIMIT 1;
PROJECT FOUND, GET USER INFO
SELECT ID, email, fname, lname FROM users WHERE ID =  LIMIT 1;


POST /projectinfo
SELECT name, url, detail, gallery, user_id FROM projects WHERE url = 'film_tesd5asdad' LIMIT 1;
PROJECT FOUND, GET USER INFO
SELECT ID, email, fname, lname FROM users WHERE ID = 7 LIMIT 1;
RETURN USER INFO


POST /projectinfo
SELECT name, url, detail, gallery, user_id FROM projects WHERE url = 'film_tesd5asdad' LIMIT 1;
PROJECT FOUND, GET USER INFO
SELECT ID, email, fname, lname, token FROM users WHERE ID = 7 LIMIT 1;
RETURN USER INFO


POST /projectinfo
SELECT name, url, detail, gallery, user_id FROM projects WHERE url = 'film_tesd5asdad' LIMIT 1;
PROJECT FOUND, GET USER INFO
SELECT ID, email, fname, lname, token FROM users WHERE ID = 7 LIMIT 1;
RETURN USER INFO


POST /projectinfo
SELECT name, url, detail, gallery, user_id FROM projects WHERE url = 'zzz' LIMIT 1;
PROJECT FOUND, GET USER INFO
SELECT ID, email, fname, lname, token FROM users WHERE ID = 9 LIMIT 1;
RETURN USER INFO


POST /projectinfo
SELECT name, url, detail, gallery, user_id FROM projects WHERE url = 'film_tesd5asdad' LIMIT 1;
PROJECT FOUND, GET USER INFO
SELECT ID, email, fname, lname, token FROM users WHERE ID = 7 LIMIT 1;
RETURN USER INFO


POST /projectinfo
SELECT name, url, detail, gallery, user_id FROM projects WHERE url = 'film_tesd5asdad' LIMIT 1;
PROJECT FOUND, GET USER INFO
SELECT ID, email, fname, lname, token FROM users WHERE ID = 7 LIMIT 1;
RETURN USER INFO


POST /projectinfo
SELECT name, url, detail, gallery, user_id FROM projects WHERE url = 'film_tesd5asdad' LIMIT 1;
PROJECT FOUND, GET USER INFO
SELECT ID, email, fname, lname, token FROM users WHERE ID = 7 LIMIT 1;
RETURN USER INFO


POST /projectinfo
SELECT name, url, detail, gallery, user_id FROM projects WHERE url = 'zzz' LIMIT 1;
PROJECT FOUND, GET USER INFO
SELECT ID, email, fname, lname, token FROM users WHERE ID = 9 LIMIT 1;
RETURN USER INFO


POST /projectinfo
SELECT name, url, detail, gallery, user_id FROM projects WHERE url = 'enazoom' LIMIT 1;
PROJECT FOUND, GET USER INFO
SELECT ID, email, fname, lname, token FROM users WHERE ID = 9 LIMIT 1;
RETURN USER INFO


POST /projectinfo
SELECT name, url, detail, gallery, user_id FROM projects WHERE url = 'zzz' LIMIT 1;
PROJECT FOUND, GET USER INFO
SELECT ID, email, fname, lname, token FROM users WHERE ID = 9 LIMIT 1;
RETURN USER INFO


POST /projectinfo
SELECT name, url, detail, gallery, user_id FROM projects WHERE url = 'film_tesd5asdad' LIMIT 1;
PROJECT FOUND, GET USER INFO
SELECT ID, email, fname, lname, token FROM users WHERE ID = 7 LIMIT 1;
RETURN USER INFO


POST /projectinfo
SELECT name, url, detail, gallery, user_id FROM projects WHERE url = 'zzz' LIMIT 1;
PROJECT FOUND, GET USER INFO
SELECT ID, email, fname, lname, token FROM users WHERE ID = 9 LIMIT 1;
RETURN USER INFO


POST /projectinfo
SELECT name, url, detail, gallery, user_id FROM projects WHERE url = 'enazoom' LIMIT 1;
PROJECT FOUND, GET USER INFO
SELECT ID, email, fname, lname, token FROM users WHERE ID = 9 LIMIT 1;
RETURN USER INFO


POST /projectinfo
SELECT name, url, detail, gallery, user_id FROM projects WHERE url = 'enazoom' LIMIT 1;
PROJECT FOUND, GET USER INFO
SELECT ID, email, fname, lname, token FROM users WHERE ID = 9 LIMIT 1;
RETURN USER INFO


POST /projectinfo
SELECT name, url, detail, gallery, user_id FROM projects WHERE url = 'zzz' LIMIT 1;
PROJECT FOUND, GET USER INFO
SELECT ID, email, fname, lname, token FROM users WHERE ID = 9 LIMIT 1;
RETURN USER INFO


POST /projectinfo
SELECT name, url, detail, gallery, user_id FROM projects WHERE url = 'zzz' LIMIT 1;
PROJECT FOUND, GET USER INFO
SELECT ID, email, fname, lname, token FROM users WHERE ID = 9 LIMIT 1;
RETURN USER INFO


POST /projectinfo
SELECT name, url, detail, gallery, user_id FROM projects WHERE url = 'enazoom' LIMIT 1;
PROJECT FOUND, GET USER INFO
SELECT ID, email, fname, lname, token FROM users WHERE ID = 9 LIMIT 1;
RETURN USER INFO


POST /projectinfo
SELECT name, url, detail, gallery, user_id FROM projects WHERE url = 'enazoom' LIMIT 1;
PROJECT FOUND, GET USER INFO
SELECT ID, email, fname, lname, token FROM users WHERE ID = 9 LIMIT 1;
RETURN USER INFO


POST /projectinfo
SELECT name, url, detail, gallery, user_id FROM projects WHERE url = 'enazoom' LIMIT 1;
PROJECT FOUND, GET USER INFO
SELECT ID, email, fname, lname, token FROM users WHERE ID = 9 LIMIT 1;
RETURN USER INFO


POST /projectinfo
SELECT name, url, detail, gallery, user_id FROM projects WHERE url = 'enazoom' LIMIT 1;
PROJECT FOUND, GET USER INFO
SELECT ID, email, fname, lname, token FROM users WHERE ID = 9 LIMIT 1;
RETURN USER INFO


POST /projectinfo
SELECT name, url, detail, gallery, user_id FROM projects WHERE url = 'enazoom' LIMIT 1;
PROJECT FOUND, GET USER INFO
SELECT ID, email, fname, lname, token FROM users WHERE ID = 9 LIMIT 1;
RETURN USER INFO


POST /projectinfo
SELECT name, url, detail, gallery, user_id FROM projects WHERE url = 'enazoom' LIMIT 1;
PROJECT FOUND, GET USER INFO
SELECT ID, email, fname, lname, token FROM users WHERE ID = 9 LIMIT 1;
RETURN USER INFO


POST /myprojects
SELECT ID FROM users WHERE token LIKE 'tz1jUQpHVuqnAXvgjjJC1qBf3AuUkHs4' LIMIT 1;
USER FOUND
Get Project List
SELECT * FROM projects WHERE user_id = 7 ;
FOUND 8


POST /myprojects
SELECT * FROM users WHERE token LIKE 'tz1jUQpHVuqnAXvgjjJC1qBf3AuUkHs4' LIMIT 1;
USER FOUND
Get Project List
SELECT * FROM projects WHERE user_id = 7 ;
FOUND 8


POST /myprojects
SELECT * FROM users WHERE token LIKE 'AWrp2wAf1TYLsS7v4wqxasDgKon4Mh7x' LIMIT 1;
USER FOUND
Get Project List
SELECT * FROM projects WHERE user_id = 9 ;
FOUND 3


POST /myprojects
SELECT * FROM users WHERE token LIKE 'AWrp2wAf1TYLsS7v4wqxasDgKon4Mh7x' LIMIT 1;
USER FOUND
Get Project List
SELECT * FROM projects WHERE user_id = 9 ;
FOUND 3


POST /myprojects
SELECT * FROM users WHERE token LIKE 'AWrp2wAf1TYLsS7v4wqxasDgKon4Mh7x' LIMIT 1;
USER FOUND
Get Project List
SELECT * FROM projects WHERE user_id = 9 ;
FOUND 3


POST /myprojects
SELECT * FROM users WHERE token LIKE 'AWrp2wAf1TYLsS7v4wqxasDgKon4Mh7x' LIMIT 1;
USER FOUND
Get Project List
SELECT * FROM projects WHERE user_id = 9 ;
FOUND 3


POST /myprojects
SELECT * FROM users WHERE token LIKE 'AWrp2wAf1TYLsS7v4wqxasDgKon4Mh7x' LIMIT 1;
USER FOUND
Get Project List
SELECT * FROM projects WHERE user_id = 9 ;
FOUND 3


POST /myprojects
SELECT * FROM users WHERE token LIKE 'AWrp2wAf1TYLsS7v4wqxasDgKon4Mh7x' LIMIT 1;
USER FOUND
Get Project List
SELECT * FROM projects WHERE user_id = 9 ;
FOUND 3


POST /myprojects
SELECT * FROM users WHERE token LIKE 'AWrp2wAf1TYLsS7v4wqxasDgKon4Mh7x' LIMIT 1;
USER FOUND
Get Project List
SELECT * FROM projects WHERE user_id = 9 ;
FOUND 3


POST /myprojects
SELECT * FROM users WHERE token LIKE 'AWrp2wAf1TYLsS7v4wqxasDgKon4Mh7x' LIMIT 1;
USER FOUND
Get Project List
SELECT * FROM projects WHERE user_id = 9 ;
FOUND 3


POST /myprojects
SELECT * FROM users WHERE token LIKE 'AWrp2wAf1TYLsS7v4wqxasDgKon4Mh7x' LIMIT 1;
USER FOUND
Get Project List
SELECT * FROM projects WHERE user_id = 9 ;
FOUND 3


POST /myprojects
SELECT * FROM users WHERE token LIKE 'AWrp2wAf1TYLsS7v4wqxasDgKon4Mh7x' LIMIT 1;
USER FOUND
Get Project List
SELECT * FROM projects WHERE user_id = 9 ;
FOUND 3


POST /myprojects
SELECT * FROM users WHERE token LIKE 'AWrp2wAf1TYLsS7v4wqxasDgKon4Mh7x' LIMIT 1;
USER FOUND
Get Project List
SELECT * FROM projects WHERE user_id = 9 ;
FOUND 3


POST /myprojects
SELECT * FROM users WHERE token LIKE 'AWrp2wAf1TYLsS7v4wqxasDgKon4Mh7x' LIMIT 1;
USER FOUND
Get Project List
SELECT * FROM projects WHERE user_id = 9 ;
FOUND 3


POST /myprojects
SELECT * FROM users WHERE token LIKE 'AWrp2wAf1TYLsS7v4wqxasDgKon4Mh7x' LIMIT 1;
USER FOUND
Get Project List
SELECT * FROM projects WHERE user_id = 9 ;
FOUND 3


POST /myprojects
SELECT * FROM users WHERE token LIKE 'AWrp2wAf1TYLsS7v4wqxasDgKon4Mh7x' LIMIT 1;
USER FOUND
Get Project List
SELECT * FROM projects WHERE user_id = 9 ;
FOUND 3


POST /myprojects
SELECT * FROM users WHERE token LIKE 'AWrp2wAf1TYLsS7v4wqxasDgKon4Mh7x' LIMIT 1;
USER FOUND
Get Project List
SELECT * FROM projects WHERE user_id = 9 ;
FOUND 3


POST /myprojects
SELECT * FROM users WHERE token LIKE 'AWrp2wAf1TYLsS7v4wqxasDgKon4Mh7x' LIMIT 1;
USER FOUND
Get Project List
SELECT * FROM projects WHERE user_id = 9 ;
FOUND 3


POST /myprojects
SELECT * FROM users WHERE token LIKE 'AWrp2wAf1TYLsS7v4wqxasDgKon4Mh7x' LIMIT 1;
USER FOUND
Get Project List
SELECT * FROM projects WHERE user_id = 9 ;
FOUND 3


POST /myprojects
SELECT * FROM users WHERE token LIKE 'AWrp2wAf1TYLsS7v4wqxasDgKon4Mh7x' LIMIT 1;
USER FOUND
Get Project List
SELECT * FROM projects WHERE user_id = 9 ;
FOUND 3


POST /myprojects
SELECT * FROM users WHERE token LIKE 'AWrp2wAf1TYLsS7v4wqxasDgKon4Mh7x' LIMIT 1;
USER FOUND
Get Project List
SELECT * FROM projects WHERE user_id = 9 ;
FOUND 3


POST /myprojects
SELECT * FROM users WHERE token LIKE 'AWrp2wAf1TYLsS7v4wqxasDgKon4Mh7x' LIMIT 1;
USER FOUND
Get Project List
SELECT * FROM projects WHERE user_id = 9 ;
FOUND 3


POST /myprojects
SELECT * FROM users WHERE token LIKE 'AWrp2wAf1TYLsS7v4wqxasDgKon4Mh7x' LIMIT 1;
USER FOUND
Get Project List
SELECT * FROM projects WHERE user_id = 9 ;
FOUND 3


POST /myprojects
SELECT * FROM users WHERE token LIKE 'AWrp2wAf1TYLsS7v4wqxasDgKon4Mh7x' LIMIT 1;
USER FOUND
Get Project List
SELECT * FROM projects WHERE user_id = 9 ;
FOUND 3


POST /myprojects
SELECT * FROM users WHERE token LIKE 'AWrp2wAf1TYLsS7v4wqxasDgKon4Mh7x' LIMIT 1;
USER FOUND
Get Project List
SELECT * FROM projects WHERE user_id = 9 ;
FOUND 3


POST /myprojects
SELECT * FROM users WHERE token LIKE 'AWrp2wAf1TYLsS7v4wqxasDgKon4Mh7x' LIMIT 1;
USER FOUND
Get Project List
SELECT * FROM projects WHERE user_id = 9 ;
FOUND 3


POST /projectinfo
SELECT name, url, detail, gallery, user_id FROM projects WHERE url = 'enazoom' LIMIT 1;
PROJECT FOUND, GET USER INFO
SELECT ID, email, fname, lname, token FROM users WHERE ID = 9 LIMIT 1;
RETURN USER INFO


POST /myprojects
SELECT * FROM users WHERE token LIKE 'tz1jUQpHVuqnAXvgjjJC1qBf3AuUkHs4' LIMIT 1;
USER FOUND
Get Project List
SELECT * FROM projects WHERE user_id = 7 ;
FOUND 8


POST /editproject
SELECT ID, token FROM users WHERE token = tz1jUQpHVuqnAXvgjjJC1qBf3AuUkHs4 LIMIT 1;
USER NOT FOUND


POST /editproject
SELECT ID, token FROM users WHERE token = 'tz1jUQpHVuqnAXvgjjJC1qBf3AuUkHs4' LIMIT 1;
USER FOUND, UPDATE PROJECT INFO
UPDATE projects SET ID = '9',name='ทดสอบโปรเจค 555',detail='ไม่บอก <i>56555</i>+',gallery='["asdadad","asdada","asdasdadasd"]' WHERE ID = '9' AND user_id = 7 LIMIT 1;


POST /editproject
SELECT ID, token FROM users WHERE token = 'tz1jUQpHVuqnAXvgjjJC1qBf3AuUkHs4' LIMIT 1;
USER FOUND, UPDATE PROJECT INFO
UPDATE projects SET ID = '9',name='ทดสอบโปรเจค 555',detail='ไม่บอก <i>56555</i>+',gallery='["asdadad","asdada","asdasdadasd"]' WHERE ID = '9' AND user_id = 7;


POST /editproject
SELECT ID, token FROM users WHERE token = 'tz1jUQpHVuqnAXvgjjJC1qBf3AuUkHs4' LIMIT 1;
USER FOUND, UPDATE PROJECT INFO
UPDATE projects SET ID = '9',name='ทดสอบโปรเจค 555',detail='ไม่บอก <i>56555</i>+',gallery='["asdadad","asdada","asdasdadasd"]' WHERE ID = '9' AND user_id = 7;


POST /editproject
SELECT ID, token FROM users WHERE token = 'tz1jUQpHVuqnAXvgjjJC1qBf3AuUkHs4' LIMIT 1;
USER FOUND, UPDATE PROJECT INFO
UPDATE projects SET ID = '9',name='ทดสอบโปรเจค 555',detail='ไม่บอก <i>56555</i>+',gallery='["asdadad","asdada","asdasdadasd"]' WHERE ID = '9' AND user_id = 7;


POST /editproject
SELECT ID, token FROM users WHERE token = 'tz1jUQpHVuqnAXvgjjJC1qBf3AuUkHs4' LIMIT 1;
USER FOUND, UPDATE PROJECT INFO
UPDATE projects SET ID = '9',name='ทดสอบโปรเจค 555',detail='ไม่บอก <i>56555</i>+',gallery='["asdadad","asdada","asdasdadasd"]' WHERE ID = '9' AND user_id = 7;


POST /editproject
SELECT ID, token FROM users WHERE token = 'tz1jUQpHVuqnAXvgjjJC1qBf3AuUkHs4' LIMIT 1;
USER FOUND, UPDATE PROJECT INFO
UPDATE projects SET ID = '9',name='ทดสอบโปรเจค 555',detail='ไม่บอก <i>56555</i>+',gallery='["asdadad","asdada","asdasdadasd"]' WHERE ID = '9' AND user_id = 7;


POST /editproject
SELECT ID, token FROM users WHERE token = 'tz1jUQpHVuqnAXvgjjJC1qBf3AuUkHs4' LIMIT 1;
USER FOUND, UPDATE PROJECT INFO
UPDATE projects SET ID = '9',name='ทดสอบโปรเจค 555',detail='ไม่บอก <i>56555</i>+',gallery='["asdadad","asdada","asdasdadasd"]' WHERE ID = '9' AND user_id = 7;


POST /editproject
SELECT ID, token FROM users WHERE token = 'tz1jUQpHVuqnAXvgjjJC1qBf3AuUkHs4' LIMIT 1;
USER FOUND, UPDATE PROJECT INFO
UPDATE projects SET ID = '9',name='ทดสอบโปรเจค 55',detail='ไม่บอก <i>56555</i>+',gallery='["asdadad","asdada","asdasdadasd"]' WHERE ID = '9' AND user_id = 7;


POST /editproject
SELECT ID, token FROM users WHERE token = 'tz1jUQpHVuqnAXvgjjJC1qBf3AuUkHs4' LIMIT 1;
USER FOUND, UPDATE PROJECT INFO
UPDATE projects SET ID = '7',name='ทดสอบโปรเจค 55',detail='ไม่บอก <i>56555</i>+',gallery='["asdadad","asdada","asdasdadasd"]' WHERE ID = '7' AND user_id = 7;


POST /projectinfo
SELECT name, url, detail, gallery, user_id FROM projects WHERE url = 'enazoom' LIMIT 1;
PROJECT FOUND, GET USER INFO
SELECT ID, email, fname, lname, token FROM users WHERE ID = 9 LIMIT 1;
RETURN USER INFO


POST /newproject
SELECT ID FROM users WHERE token LIKE 'AWrp2wAf1TYLsS7v4wqxasDgKon4Mh7x' LIMIT 1;
USER FOUND
Process request
Array
(
    [project_id] => null
    [name] => EnaZoom Test
    [token] => AWrp2wAf1TYLsS7v4wqxasDgKon4Mh7x
    [gallery] => null
)

ADD SUCCESS


POST /projectinfo
SELECT name, url, detail, gallery, user_id FROM projects WHERE url = 'enazoom' LIMIT 1;
PROJECT FOUND, GET USER INFO
SELECT ID, email, fname, lname, token FROM users WHERE ID = 9 LIMIT 1;
RETURN USER INFO


POST /projectinfo
SELECT name, url, detail, gallery, user_id FROM projects WHERE url = 'enazoom' LIMIT 1;
PROJECT FOUND, GET USER INFO
SELECT ID, email, fname, lname, token FROM users WHERE ID = 9 LIMIT 1;
RETURN USER INFO


POST /newproject
SELECT ID FROM users WHERE token LIKE 'AWrp2wAf1TYLsS7v4wqxasDgKon4Mh7x' LIMIT 1;
USER FOUND
Process request
Array
(
    [project_id] => null
    [name] => EnaZoom
    [token] => AWrp2wAf1TYLsS7v4wqxasDgKon4Mh7x
    [gallery] => null
)

ERROR ADD :: Duplicate entry '' for key 'url'


POST /projectinfo
SELECT name, url, detail, gallery, user_id FROM projects WHERE url = 'enazoom' LIMIT 1;
PROJECT FOUND, GET USER INFO
SELECT ID, email, fname, lname, token FROM users WHERE ID = 9 LIMIT 1;
RETURN USER INFO


POST /projectinfo
SELECT name, url, detail, gallery, user_id FROM projects WHERE url = 'enazoom' LIMIT 1;
PROJECT FOUND, GET USER INFO
SELECT ID, email, fname, lname, token FROM users WHERE ID = 9 LIMIT 1;
RETURN USER INFO


POST /editproject
SELECT ID, token FROM users WHERE token = 'AWrp2wAf1TYLsS7v4wqxasDgKon4Mh7x' LIMIT 1;
USER FOUND, UPDATE PROJECT INFO
UPDATE projects SET ID = 'null',name='EnaZoom Test' WHERE ID = 'null' AND user_id = 9;


POST /projectinfo
SELECT name, url, detail, gallery, user_id FROM projects WHERE url = 'enazoom' LIMIT 1;
PROJECT FOUND, GET USER INFO
SELECT ID, email, fname, lname, token FROM users WHERE ID = 9 LIMIT 1;
RETURN USER INFO


POST /projectinfo
SELECT name, url, detail, gallery, user_id FROM projects WHERE url = 'enazoom' LIMIT 1;
PROJECT FOUND, GET USER INFO
SELECT ID, email, fname, lname, token FROM users WHERE ID = 9 LIMIT 1;
RETURN USER INFO


POST /editproject
SELECT ID, token FROM users WHERE token = 'AWrp2wAf1TYLsS7v4wqxasDgKon4Mh7x' LIMIT 1;
USER FOUND, UPDATE PROJECT INFO
UPDATE projects SET ID = 'null',name='EnaZoom' WHERE ID = 'null' AND user_id = 9;


POST /projectinfo
SELECT name, url, detail, gallery, user_id FROM projects WHERE url = 'enazoom' LIMIT 1;
PROJECT FOUND, GET USER INFO
SELECT ID, email, fname, lname, token FROM users WHERE ID = 9 LIMIT 1;
RETURN USER INFO


POST /projectinfo
SELECT ID, name, url, detail, gallery, user_id FROM projects WHERE url = 'enazoom' LIMIT 1;
PROJECT FOUND, GET USER INFO
SELECT ID, email, fname, lname, token FROM users WHERE ID = 9 LIMIT 1;
RETURN USER INFO


POST /editproject
SELECT ID, token FROM users WHERE token = 'AWrp2wAf1TYLsS7v4wqxasDgKon4Mh7x' LIMIT 1;
USER FOUND, UPDATE PROJECT INFO
UPDATE projects SET ID = '27',name='EnaZoom Test' WHERE ID = '27' AND user_id = 9;


POST /projectinfo
SELECT ID, name, url, detail, gallery, user_id FROM projects WHERE url = 'enazoom' LIMIT 1;
PROJECT FOUND, GET USER INFO
SELECT ID, email, fname, lname, token FROM users WHERE ID = 9 LIMIT 1;
RETURN USER INFO


POST /editproject
SELECT ID, token FROM users WHERE token = 'tz1jUQpHVuqnAXvgjjJC1qBf3AuUkHs4' LIMIT 1;
USER FOUND, UPDATE PROJECT INFO
UPDATE projects SET ID = '7',name='ทดสอบโปรเจค 55',detail='ไม่บอก <i>56555</i>+',gallery='["asdadad","asdada","asdasdadasd"]' WHERE ID = '7' AND user_id = 7;


POST /editproject
SELECT ID, token FROM users WHERE token = 'tz1jUQpHVuqnAXvgjjJC1qBf3AuUkHs4' LIMIT 1;
USER FOUND, UPDATE PROJECT INFO
UPDATE projects SET ID = '7',name='ทดสอบโปรเจค 55',detail='ไม่บอก <i>56555</i>+',gallery='["asdadad","asdada","asdasdadasd"]' WHERE ID = '7' AND user_id = 7;


POST /editproject
SELECT ID, token FROM users WHERE token = 'tz1jUQpHVuqnAXvgjjJC1qBf3AuUkHs4' LIMIT 1;
USER FOUND, UPDATE PROJECT INFO
UPDATE projects SET ID = '7',name='ทดสอบโปรเจค 55',detail='ไม่บอก <i>56555</i>+',gallery='["asdadad","asdada","asdasdadasd"]' WHERE ID = '7' AND user_id = 7;


POST /editproject
SELECT ID, token FROM users WHERE token = 'tz1jUQpHVuqnAXvgjjJC1qBf3AuUkHs4' LIMIT 1;
USER FOUND, UPDATE PROJECT INFO
UPDATE projects SET ID = '7',name='ทดสอบโปรเจค 55',detail='ไม่บอก <i>56555</i>+',gallery='["asdada","asdada","asdasdadasd"]' WHERE ID = '7' AND user_id = 7;


POST /editproject
SELECT ID, token FROM users WHERE token = 'tz1jUQpHVuqnAXvgjjJC1qBf3AuUkHs4' LIMIT 1;
USER FOUND, UPDATE PROJECT INFO
UPDATE projects SET ID = '7',name='ทดสอบโปรเจค 55',detail='ไม่บอก <i>56555</i>+',gallery='["asdada","asdada","asdasdadasd"]' WHERE ID = '7' AND user_id = 7;


POST /projectinfo
SELECT ID, name, url, detail, gallery, user_id FROM projects WHERE url = 'enazoom' LIMIT 1;
PROJECT FOUND, GET USER INFO
SELECT ID, email, fname, lname, token FROM users WHERE ID = 9 LIMIT 1;
RETURN USER INFO


POST /editproject
SELECT ID, token FROM users WHERE token = 'AWrp2wAf1TYLsS7v4wqxasDgKon4Mh7x' LIMIT 1;
USER FOUND, UPDATE PROJECT INFO
UPDATE projects SET ID = '27',detail='<p>Just a Test [Edited]</p>' WHERE ID = '27' AND user_id = 9;


POST /projectinfo
SELECT ID, name, url, detail, gallery, user_id FROM projects WHERE url = 'enazoom' LIMIT 1;
PROJECT FOUND, GET USER INFO
SELECT ID, email, fname, lname, token FROM users WHERE ID = 9 LIMIT 1;
RETURN USER INFO


POST /projectinfo
SELECT ID, name, url, detail, gallery, user_id FROM projects WHERE url = 'enazoom' LIMIT 1;
PROJECT FOUND, GET USER INFO
SELECT ID, email, fname, lname, token FROM users WHERE ID = 9 LIMIT 1;
RETURN USER INFO


POST /editproject
SELECT ID, token FROM users WHERE token = 'AWrp2wAf1TYLsS7v4wqxasDgKon4Mh7x' LIMIT 1;
USER FOUND, UPDATE PROJECT INFO
UPDATE projects SET ID = '27' WHERE ID = '27' AND user_id = 9;


POST /projectinfo
SELECT ID, name, url, detail, gallery, user_id FROM projects WHERE url = 'enazoom' LIMIT 1;
PROJECT FOUND, GET USER INFO
SELECT ID, email, fname, lname, token FROM users WHERE ID = 9 LIMIT 1;
RETURN USER INFO


POST /editproject
SELECT ID, token FROM users WHERE token = 'AWrp2wAf1TYLsS7v4wqxasDgKon4Mh7x' LIMIT 1;
USER FOUND, UPDATE PROJECT INFO
UPDATE projects SET ID = '27' WHERE ID = '27' AND user_id = 9;


POST /projectinfo
SELECT ID, name, url, detail, gallery, user_id FROM projects WHERE url = 'enazoom' LIMIT 1;
PROJECT FOUND, GET USER INFO
SELECT ID, email, fname, lname, token FROM users WHERE ID = 9 LIMIT 1;
RETURN USER INFO


POST /projectinfo
SELECT ID, name, url, detail, gallery, user_id FROM projects WHERE url = 'enazoom' LIMIT 1;
PROJECT FOUND, GET USER INFO
SELECT ID, email, fname, lname, token FROM users WHERE ID = 9 LIMIT 1;
RETURN USER INFO


POST /editproject
SELECT ID, token FROM users WHERE token = 'AWrp2wAf1TYLsS7v4wqxasDgKon4Mh7x' LIMIT 1;
USER FOUND, UPDATE PROJECT INFO
UPDATE projects SET ID = '27' WHERE ID = '27' AND user_id = 9;


POST /projectinfo
SELECT ID, name, url, detail, gallery, user_id FROM projects WHERE url = 'enazoom' LIMIT 1;
PROJECT FOUND, GET USER INFO
SELECT ID, email, fname, lname, token FROM users WHERE ID = 9 LIMIT 1;
RETURN USER INFO


POST /projectinfo
SELECT ID, name, url, detail, gallery, user_id FROM projects WHERE url = 'enazoom' LIMIT 1;
PROJECT FOUND, GET USER INFO
SELECT ID, email, fname, lname, token FROM users WHERE ID = 9 LIMIT 1;
RETURN USER INFO


POST /editproject
SELECT ID, token FROM users WHERE token = 'AWrp2wAf1TYLsS7v4wqxasDgKon4Mh7x' LIMIT 1;
USER FOUND, UPDATE PROJECT INFO
UPDATE projects SET ID = '27' WHERE ID = '27' AND user_id = 9;


POST /projectinfo
SELECT ID, name, url, detail, gallery, user_id FROM projects WHERE url = 'enazoom' LIMIT 1;
PROJECT FOUND, GET USER INFO
SELECT ID, email, fname, lname, token FROM users WHERE ID = 9 LIMIT 1;
RETURN USER INFO


POST /projectinfo
SELECT ID, name, url, detail, gallery, user_id FROM projects WHERE url = 'enazoom' LIMIT 1;
PROJECT FOUND, GET USER INFO
SELECT ID, email, fname, lname, token FROM users WHERE ID = 9 LIMIT 1;
RETURN USER INFO


POST /projectinfo
SELECT ID, name, url, detail, gallery, user_id FROM projects WHERE url = 'enazoom' LIMIT 1;
PROJECT FOUND, GET USER INFO
SELECT ID, email, fname, lname, token FROM users WHERE ID = 9 LIMIT 1;
RETURN USER INFO


POST /editproject
SELECT ID, token FROM users WHERE token = 'AWrp2wAf1TYLsS7v4wqxasDgKon4Mh7x' LIMIT 1;
USER FOUND, UPDATE PROJECT INFO
UPDATE projects SET ID = '27',gallery='["https:\/\/vignette2.wikia.nocookie.net\/starwars\/images\/d\/df\/Masterobiwan.jpg\/revision\/latest\/scale-to-width-down\/220?cb=20080719000305","http:\/\/vignette2.wikia.nocookie.net\/starwars\/images\/d\/d6\/Yoda_SWSB.png\/revision\/latest?cb=20150206140125","https:\/\/lumiere-a.akamaihd.net\/v1\/images\/ep3_ia_89377_r_bb46f7c6.jpeg?region=500%2C313%2C2925%2C1462&width=480","http:\/\/a.dilcdn.com\/bl\/wp-content\/uploads\/sites\/6\/2016\/05\/yoda3.jpg","http:\/\/digitalspyuk.cdnds.net\/16\/38\/768x403\/gallery-1474472774-yoda-008.jpg","https:\/\/tawanimus.files.wordpress.com\/2017\/04\/tlj04.jpg"]' WHERE ID = '27' AND user_id = 9;


POST /projectinfo
SELECT ID, name, url, detail, gallery, user_id FROM projects WHERE url = 'enazoom' LIMIT 1;
PROJECT FOUND, GET USER INFO
SELECT ID, email, fname, lname, token FROM users WHERE ID = 9 LIMIT 1;
RETURN USER INFO


POST /projectinfo
SELECT ID, name, url, detail, gallery, user_id FROM projects WHERE url = 'enazoom' LIMIT 1;
PROJECT FOUND, GET USER INFO
SELECT ID, email, fname, lname, token FROM users WHERE ID = 9 LIMIT 1;
RETURN USER INFO


POST /projectinfo
SELECT ID, name, url, detail, gallery, user_id FROM projects WHERE url = 'enazoom' LIMIT 1;
PROJECT FOUND, GET USER INFO
SELECT ID, email, fname, lname, token FROM users WHERE ID = 9 LIMIT 1;
RETURN USER INFO


POST /deleteproject
SELECT ID, token FROM users WHERE token = 'tz1jUQpHVuqnAXvgjjJC1qBf3AuUkHs4' LIMIT 1;
USER FOUND, DELETING PROJECT
DELETE FROM projects WHERE ID = 7 AND user_id = 7;


POST /deleteproject
SELECT ID, token FROM users WHERE token = 'tz1jUQpHVuqnAXvgjjJC1qBf3AuUkHs4' LIMIT 1;
USER FOUND, DELETING PROJECT
DELETE FROM projects WHERE ID = 7 AND user_id = 7;


POST /projectinfo
SELECT ID, name, url, detail, gallery, user_id FROM projects WHERE url = 'enazoom' LIMIT 1;
PROJECT FOUND, GET USER INFO
SELECT ID, email, fname, lname, token FROM users WHERE ID = 9 LIMIT 1;
RETURN USER INFO


POST /projectinfo
SELECT ID, name, url, detail, gallery, user_id FROM projects WHERE url = 'enazoom' LIMIT 1;
PROJECT FOUND, GET USER INFO
SELECT ID, email, fname, lname, token FROM users WHERE ID = 9 LIMIT 1;
RETURN USER INFO


POST /projectinfo
SELECT ID, name, url, detail, gallery, user_id FROM projects WHERE url = 'enazoom' LIMIT 1;
PROJECT FOUND, GET USER INFO
SELECT ID, email, fname, lname, token FROM users WHERE ID = 9 LIMIT 1;
RETURN USER INFO


POST /projectinfo
SELECT ID, name, url, detail, gallery, user_id FROM projects WHERE url = 'enazoom' LIMIT 1;
PROJECT FOUND, GET USER INFO
SELECT ID, email, fname, lname, token FROM users WHERE ID = 9 LIMIT 1;
RETURN USER INFO


POST /projectinfo
SELECT ID, name, url, detail, gallery, user_id FROM projects WHERE url = 'enazoom' LIMIT 1;
PROJECT FOUND, GET USER INFO
SELECT ID, email, fname, lname, token FROM users WHERE ID = 9 LIMIT 1;
RETURN USER INFO


POST /projectinfo
SELECT ID, name, url, detail, gallery, user_id FROM projects WHERE url = 'zzz' LIMIT 1;
PROJECT FOUND, GET USER INFO
SELECT ID, email, fname, lname, token FROM users WHERE ID = 9 LIMIT 1;
RETURN USER INFO


POST /projectinfo
SELECT ID, name, url, detail, gallery, user_id FROM projects WHERE url = 'zzz' LIMIT 1;
PROJECT FOUND, GET USER INFO
SELECT ID, email, fname, lname, token FROM users WHERE ID = 9 LIMIT 1;
RETURN USER INFO


POST /deleteproject
SELECT ID, token FROM users WHERE token = 'AWrp2wAf1TYLsS7v4wqxasDgKon4Mh7x' LIMIT 1;
USER FOUND, DELETING PROJECT
DELETE FROM projects WHERE ID = 26 AND user_id = 9;


POST /projectinfo
SELECT ID, name, url, detail, gallery, user_id FROM projects WHERE url = 'zzz' LIMIT 1;
PROJECT NOT FOUND


POST /projectinfo
SELECT ID, name, url, detail, gallery, user_id FROM projects WHERE url = 'zzz' LIMIT 1;
PROJECT NOT FOUND


POST /projectinfo
SELECT ID, name, url, detail, gallery, user_id FROM projects WHERE url = 'TestSession' LIMIT 1;
PROJECT FOUND, GET USER INFO
SELECT ID, email, fname, lname, token FROM users WHERE ID = 9 LIMIT 1;
RETURN USER INFO


POST /deleteproject
SELECT ID, token FROM users WHERE token = 'AWrp2wAf1TYLsS7v4wqxasDgKon4Mh7x' LIMIT 1;
USER FOUND, DELETING PROJECT
DELETE FROM projects WHERE ID = 28 AND user_id = 9;


POST /projectinfo
SELECT ID, name, url, detail, gallery, user_id FROM projects WHERE url = 'TestSession' LIMIT 1;
PROJECT NOT FOUND


POST /projectinfo
SELECT ID, name, url, detail, gallery, user_id FROM projects WHERE url = 'TestSession' LIMIT 1;
PROJECT NOT FOUND


POST /projectavailable
SELECT ID FROM projects WHERE url LIKE 'sadsdsd' LIMIT 1;
Duplicated


POST /newproject
SELECT ID FROM users WHERE token LIKE 'AWrp2wAf1TYLsS7v4wqxasDgKon4Mh7x' LIMIT 1;
USER FOUND
Process request
INSERT INTO  projects (`name` ,`url` ,`detail` ,`user_id` ,`gallery`) VALUES ('sdsad',  'sadsdsd',  '',  '9',  'null');
ADD SUCCESS


POST /projectavailable
SELECT ID FROM projects WHERE url LIKE 'sadsd' LIMIT 1;
Duplicated


POST /newproject
SELECT ID FROM users WHERE token LIKE 'AWrp2wAf1TYLsS7v4wqxasDgKon4Mh7x' LIMIT 1;
USER FOUND
Process request
INSERT INTO  projects (`name` ,`url` ,`detail` ,`user_id` ,`gallery`) VALUES ('sdads',  'sadsd',  '',  '9',  'null');
ADD SUCCESS


POST /projectavailable
SELECT ID FROM projects WHERE url LIKE 'dddddd' LIMIT 1;
Duplicated


POST /newproject
SELECT ID FROM users WHERE token LIKE 'AWrp2wAf1TYLsS7v4wqxasDgKon4Mh7x' LIMIT 1;
USER FOUND
Process request
INSERT INTO  projects (`name` ,`url` ,`detail` ,`user_id` ,`gallery`) VALUES ('ddddd',  'dddddd',  '<p>dddddd</p>',  '9',  'null');
ADD SUCCESS


POST /projectavailable
SELECT ID FROM projects WHERE url LIKE 'sds' LIMIT 1;
Duplicated


POST /newproject
SELECT ID FROM users WHERE token LIKE 'AWrp2wAf1TYLsS7v4wqxasDgKon4Mh7x' LIMIT 1;
USER FOUND
Process request
INSERT INTO  projects (`name` ,`url` ,`detail` ,`user_id` ,`gallery`) VALUES ('dsssd',  'sds',  '',  '9',  'null');
ADD SUCCESS


POST /projectavailable
SELECT ID FROM projects WHERE url LIKE 'gg' LIMIT 1;
Duplicated


POST /newproject
SELECT ID FROM users WHERE token LIKE 'AWrp2wAf1TYLsS7v4wqxasDgKon4Mh7x' LIMIT 1;
USER FOUND
Process request
INSERT INTO  projects (`name` ,`url` ,`detail` ,`user_id` ,`gallery`) VALUES ('gg',  'gg',  '',  '9',  'null');
ADD SUCCESS


POST /projectinfo
SELECT ID, name, url, detail, gallery, user_id FROM projects WHERE url = 'gg' LIMIT 1;
PROJECT FOUND, GET USER INFO
SELECT ID, email, fname, lname, token FROM users WHERE ID = 9 LIMIT 1;
RETURN USER INFO


POST /deleteproject
SELECT ID, token FROM users WHERE token = 'AWrp2wAf1TYLsS7v4wqxasDgKon4Mh7x' LIMIT 1;
USER FOUND, DELETING PROJECT
DELETE FROM projects WHERE ID = 35 AND user_id = 9;


POST /projectinfo
SELECT ID, name, url, detail, gallery, user_id FROM projects WHERE url = 'gg' LIMIT 1;
PROJECT NOT FOUND


POST /myprojects
SELECT * FROM users WHERE token LIKE 'AWrp2wAf1TYLsS7v4wqxasDgKon4Mh7x' LIMIT 1;
USER FOUND
Get Project List
SELECT * FROM projects WHERE user_id = 9 ;
FOUND 5
